<?xml version="1.0" encoding="UTF-8"?>
<testsuite xmlns:xsi="http://www.w3.org/2001/XMLSchema-instance" xsi:noNamespaceSchemaLocation="https://maven.apache.org/surefire/maven-surefire-plugin/xsd/surefire-test-report-3.0.xsd" version="3.0" name="org.apache.commons.mail.EmailTest" time="0.127" tests="42" errors="0" skipped="0" failures="0">
  <properties>
[...]
</properties>
  <testcase name="testAddBccEmpty" classname="org.apache.commons.mail.EmailTest" time="0.004"/>
  <testcase name="testbuildMimeMessageToNull" classname="org.apache.commons.mail.EmailTest" time="0.039"/>
  <testcase name="testgetHostNameNull" classname="org.apache.commons.mail.EmailTest" time="0.0"/>
  <testcase name="testGetMailSessionSocketTimeoutGT0" classname="org.apache.commons.mail.EmailTest" time="0.001"/>
  <testcase name="testGetMailSessionSocketTimeoutLT0" classname="org.apache.commons.mail.EmailTest" time="0.0"/>
  <testcase name="testbuildMimeMessageContentNull" classname="org.apache.commons.mail.EmailTest" time="0.005"/>
  <testcase name="testbuildMimeMessageBuildTwice" classname="org.apache.commons.mail.EmailTest" time="0.001"/>
  <testcase name="testAddCc_ValidEmail" classname="org.apache.commons.mail.EmailTest" time="0.0"/>
  <testcase name="testGetMailSessionSocketConnectionTimeoutGT0" classname="org.apache.commons.mail.EmailTest" time="0.001"/>
  <testcase name="testGetMailSessionSocketConnectionTimeoutLT0" classname="org.apache.commons.mail.EmailTest" time="0.001"/>
  <testcase name="testGetMailSessionPartial" classname="org.apache.commons.mail.EmailTest" time="0.0"/>
  <testcase name="testGetMailSessionNull" classname="org.apache.commons.mail.EmailTest" time="0.001"/>
  <testcase name="testGetMailSessionNullHostNameNull" classname="org.apache.commons.mail.EmailTest" time="0.0"/>
  <testcase name="testGetMailSessionBounce" classname="org.apache.commons.mail.EmailTest" time="0.001"/>
  <testcase name="testAddHeaderEmptyValue" classname="org.apache.commons.mail.EmailTest" time="0.0"/>
  <testcase name="testgetHostNameNotNull" classname="org.apache.commons.mail.EmailTest" time="0.001"/>
  <testcase name="testbuildMimeMessageMultipleTo" classname="org.apache.commons.mail.EmailTest" time="0.001"/>
  <testcase name="testbuildMimeMessageCcs" classname="org.apache.commons.mail.EmailTest" time="0.001"/>
  <testcase name="testGetMailSessionSSLCheckServerIdentity" classname="org.apache.commons.mail.EmailTest" time="0.0"/>
  <testcase name="testAddHeaderValid" classname="org.apache.commons.mail.EmailTest" time="0.001"/>
  <testcase name="testAddHeaderEmptyName" classname="org.apache.commons.mail.EmailTest" time="0.0"/>
  <testcase name="testbuildMimeMessageSubjectValidCharsetNull" classname="org.apache.commons.mail.EmailTest" time="0.001"/>
  <testcase name="testAddCc_ValidEmailList" classname="org.apache.commons.mail.EmailTest" time="0.0"/>
  <testcase name="testAddBccNULL" classname="org.apache.commons.mail.EmailTest" time="0.0"/>
  <testcase name="testBuildMimeMessageValid" classname="org.apache.commons.mail.EmailTest" time="0.001"/>
  <testcase name="testgetSentDate" classname="org.apache.commons.mail.EmailTest" time="0.0"/>
  <testcase name="testbuildMimeMessageHeaders" classname="org.apache.commons.mail.EmailTest" time="0.001"/>
  <testcase name="testAddReplyToValid" classname="org.apache.commons.mail.EmailTest" time="0.0"/>
  <testcase name="testgetHostNameValid" classname="org.apache.commons.mail.EmailTest" time="0.0"/>
  <testcase name="testbuildMimeMessageFromNull" classname="org.apache.commons.mail.EmailTest" time="0.0"/>
  <testcase name="testbuildMimeMessageReplyTo" classname="org.apache.commons.mail.EmailTest" time="0.001"/>
  <testcase name="testGetMailSessionSSLTrue" classname="org.apache.commons.mail.EmailTest" time="0.001"/>
  <testcase name="testgetSentDateNull" classname="org.apache.commons.mail.EmailTest" time="0.0"/>
  <testcase name="testSetFrom" classname="org.apache.commons.mail.EmailTest" time="0.0"/>
  <testcase name="testAddBcc_ValidEmail" classname="org.apache.commons.mail.EmailTest" time="0.0"/>
  <testcase name="testAddCcEmpty" classname="org.apache.commons.mail.EmailTest" time="0.0"/>
  <testcase name="testbuildMimeMessagePopBeforeSMTP" classname="org.apache.commons.mail.EmailTest" time="0.033"/>
  <testcase name="testAddCc_NULL" classname="org.apache.commons.mail.EmailTest" time="0.0"/>
  <testcase name="testgetSocketConnectionTimeout" classname="org.apache.commons.mail.EmailTest" time="0.0"/>
  <testcase name="testGetMailSessionTLSTrue" classname="org.apache.commons.mail.EmailTest" time="0.001"/>
  <testcase name="testbuildMimeMessageBccs" classname="org.apache.commons.mail.EmailTest" time="0.001"/>
  <testcase name="testGetMailSessionValid" classname="org.apache.commons.mail.EmailTest" time="0.001"/>
</testsuite>